Determining if the pthread_create exist failed with the following output:
Change Dir: /home/xiaoyu/Desktop/fullBA/cmake-build-debug/CMakeFiles/CMakeTmp

Run Build Command:"/usr/bin/make" "cmTC_16c16/fast"
/usr/bin/make -f CMakeFiles/cmTC_16c16.dir/build.make CMakeFiles/cmTC_16c16.dir/build
make[1]: Entering directory `/home/xiaoyu/Desktop/fullBA/cmake-build-debug/CMakeFiles/CMakeTmp'
Building C object CMakeFiles/cmTC_16c16.dir/CheckSymbolExists.c.o
/usr/bin/cc     -o CMakeFiles/cmTC_16c16.dir/CheckSymbolExists.c.o   -c /home/xiaoyu/Desktop/fullBA/cmake-build-debug/CMakeFiles/CMakeTmp/CheckSymbolExists.c
Linking C executable cmTC_16c16
/home/xiaoyu/Downloads/clion-2017.1.2/bin/cmake/bin/cmake -E cmake_link_script CMakeFiles/cmTC_16c16.dir/link.txt --verbose=1
/usr/bin/cc       CMakeFiles/cmTC_16c16.dir/CheckSymbolExists.c.o  -o cmTC_16c16 -rdynamic 
CMakeFiles/cmTC_16c16.dir/CheckSymbolExists.c.o: In function `main':
CheckSymbolExists.c:(.text+0x16): undefined reference to `pthread_create'
collect2: error: ld returned 1 exit status
make[1]: *** [cmTC_16c16] Error 1
make[1]: Leaving directory `/home/xiaoyu/Desktop/fullBA/cmake-build-debug/CMakeFiles/CMakeTmp'
make: *** [cmTC_16c16/fast] Error 2

File /home/xiaoyu/Desktop/fullBA/cmake-build-debug/CMakeFiles/CMakeTmp/CheckSymbolExists.c:
/* */
#include <pthread.h>

int main(int argc, char** argv)
{
  (void)argv;
#ifndef pthread_create
  return ((int*)(&pthread_create))[argc];
#else
  (void)argc;
  return 0;
#endif
}

Determining if the function pthread_create exists in the pthreads failed with the following output:
Change Dir: /home/xiaoyu/Desktop/fullBA/cmake-build-debug/CMakeFiles/CMakeTmp

Run Build Command:"/usr/bin/make" "cmTC_3076b/fast"
/usr/bin/make -f CMakeFiles/cmTC_3076b.dir/build.make CMakeFiles/cmTC_3076b.dir/build
make[1]: Entering directory `/home/xiaoyu/Desktop/fullBA/cmake-build-debug/CMakeFiles/CMakeTmp'
Building C object CMakeFiles/cmTC_3076b.dir/CheckFunctionExists.c.o
/usr/bin/cc    -DCHECK_FUNCTION_EXISTS=pthread_create   -o CMakeFiles/cmTC_3076b.dir/CheckFunctionExists.c.o   -c /home/xiaoyu/Downloads/clion-2017.1.2/bin/cmake/share/cmake-3.7/Modules/CheckFunctionExists.c
Linking C executable cmTC_3076b
/home/xiaoyu/Downloads/clion-2017.1.2/bin/cmake/bin/cmake -E cmake_link_script CMakeFiles/cmTC_3076b.dir/link.txt --verbose=1
/usr/bin/cc   -DCHECK_FUNCTION_EXISTS=pthread_create    CMakeFiles/cmTC_3076b.dir/CheckFunctionExists.c.o  -o cmTC_3076b -rdynamic -lpthreads 
/usr/bin/ld: cannot find -lpthreads
collect2: error: ld returned 1 exit status
make[1]: *** [cmTC_3076b] Error 1
make[1]: Leaving directory `/home/xiaoyu/Desktop/fullBA/cmake-build-debug/CMakeFiles/CMakeTmp'
make: *** [cmTC_3076b/fast] Error 2


